dunebox-sdk/build/intermediates/manifest_merge_blame_file/debug/processDebugManifest/manifest-merger-blame-debug-report.txt
1<?xml version="1.0" encoding="utf-8"?>
2<manifest xmlns:android="http://schemas.android.com/apk/res/android"
3    package="app.pwhs.dunebox.sdk" >
4
5    <uses-sdk android:minSdkVersion="26" />
6
7    <!-- Required to query installed packages on Android 11+ -->
8    <uses-permission
8-->src/main/AndroidManifest.xml:5:5-6:38
9        android:name="android.permission.QUERY_ALL_PACKAGES"
9-->src/main/AndroidManifest.xml:5:22-74
10        android:maxSdkVersion="35" />
10-->src/main/AndroidManifest.xml:6:9-35
11
12</manifest>